0 info it worked if it ends with ok
1 verbose cli [ '/usr/bin/nodejs',
1 verbose cli   '/usr/bin/npm',
1 verbose cli   'install',
1 verbose cli   'grunt@VERSION',
1 verbose cli   '--save-dev' ]
2 info using npm@1.3.10
3 info using node@v0.10.25
4 warn package.json sass@0.5.0 No repository field.
5 verbose cache add [ 'grunt@VERSION', null ]
6 verbose cache add name=undefined spec="grunt@VERSION" args=["grunt@VERSION",null]
7 verbose parsed url { protocol: null,
7 verbose parsed url   slashes: null,
7 verbose parsed url   auth: null,
7 verbose parsed url   host: null,
7 verbose parsed url   port: null,
7 verbose parsed url   hostname: null,
7 verbose parsed url   hash: null,
7 verbose parsed url   search: null,
7 verbose parsed url   query: null,
7 verbose parsed url   pathname: 'grunt@VERSION',
7 verbose parsed url   path: 'grunt@VERSION',
7 verbose parsed url   href: 'grunt@VERSION' }
8 verbose cache add name="grunt" spec="VERSION" args=["grunt","VERSION"]
9 verbose parsed url { protocol: null,
9 verbose parsed url   slashes: null,
9 verbose parsed url   auth: null,
9 verbose parsed url   host: null,
9 verbose parsed url   port: null,
9 verbose parsed url   hostname: null,
9 verbose parsed url   hash: null,
9 verbose parsed url   search: null,
9 verbose parsed url   query: null,
9 verbose parsed url   pathname: 'VERSION',
9 verbose parsed url   path: 'VERSION',
9 verbose parsed url   href: 'VERSION' }
10 verbose addNamed [ 'grunt', 'VERSION' ]
11 verbose addNamed [ null, null ]
12 silly lockFile 479b13a9-grunt-VERSION grunt@VERSION
13 verbose lock grunt@VERSION /home/reza/.npm/479b13a9-grunt-VERSION.lock
14 info addNameTag [ 'grunt', 'VERSION' ]
15 verbose url raw grunt
16 verbose url resolving [ 'https://registry.npmjs.org/', './grunt' ]
17 verbose url resolved https://registry.npmjs.org/grunt
18 info trying registry request attempt 1 at 22:05:36
19 verbose etag "EG1UJ3IVGNO6LORNDM8Y8EAXF"
20 http GET https://registry.npmjs.org/grunt
21 http 304 https://registry.npmjs.org/grunt
22 silly registry.get cb [ 304,
22 silly registry.get   { date: 'Sun, 17 May 2015 17:35:37 GMT',
22 silly registry.get     via: '1.1 varnish',
22 silly registry.get     'cache-control': 'max-age=60',
22 silly registry.get     etag: '"EG1UJ3IVGNO6LORNDM8Y8EAXF"',
22 silly registry.get     age: '0',
22 silly registry.get     connection: 'keep-alive',
22 silly registry.get     'x-served-by': 'cache-lcy1135-LCY',
22 silly registry.get     'x-cache': 'HIT',
22 silly registry.get     'x-cache-hits': '1',
22 silly registry.get     'x-timer': 'S1431884137.408647,VS0,VE353',
22 silly registry.get     vary: 'Accept' } ]
23 verbose etag grunt from cache
24 silly lockFile 479b13a9-grunt-VERSION grunt@VERSION
25 silly lockFile 479b13a9-grunt-VERSION grunt@VERSION
26 error Error: No compatible version found: grunt@'VERSION'
26 error Valid install targets:
26 error ["0.1.0","0.1.1","0.1.2","0.2.0","0.2.1","0.2.2","0.2.3","0.2.4","0.2.5","0.2.6","0.2.7","0.2.8","0.2.9","0.2.10","0.2.11","0.2.12","0.2.13","0.2.14","0.2.15","0.3.0","0.3.1","0.3.2","0.3.3","0.3.4","0.3.5","0.3.6","0.3.7","0.3.8","0.3.9","0.3.10","0.3.11","0.3.12","0.3.13","0.3.14","0.3.15","0.3.16","0.3.17","0.4.0","0.4.1","0.4.2","0.4.3","0.4.4","0.4.5","0.3.13-a","0.4.0-a","0.4.0-rc1","0.4.0-rc2","0.4.0-rc3","0.4.0-rc4","0.4.0-rc5","0.4.0-rc6","0.4.0-rc7","0.4.0-rc8"]
26 error     at installTargetsError (/usr/share/npm/lib/cache.js:719:10)
26 error     at /usr/share/npm/lib/cache.js:638:10
26 error     at saved (/usr/share/npm/node_modules/npm-registry-client/lib/get.js:142:7)
26 error     at /usr/lib/nodejs/graceful-fs/polyfills.js:133:7
26 error     at Object.oncomplete (fs.js:107:15)
27 error If you need help, you may report this log at:
27 error     <http://github.com/isaacs/npm/issues>
27 error or email it to:
27 error     <npm-@googlegroups.com>
28 error System Linux 3.13.0-32-generic
29 error command "/usr/bin/nodejs" "/usr/bin/npm" "install" "grunt@VERSION" "--save-dev"
30 error cwd /home/reza/project/haram/public_html/static
31 error node -v v0.10.25
32 error npm -v 1.3.10
33 verbose exit [ 1, true ]
