0 info it worked if it ends with ok
1 verbose cli [ '/usr/bin/node',
1 verbose cli   '/usr/bin/npm',
1 verbose cli   'install',
1 verbose cli   'grunt-contrib-sas' ]
2 info using npm@1.4.28
3 info using node@v0.10.33
4 verbose node symlink /usr/bin/node
5 warn package.json Banoo@0.1.0 No repository field.
6 warn package.json Banoo@0.1.0 No README data
7 verbose readDependencies using package.json deps
8 verbose cache add [ 'grunt-contrib-sas', null ]
9 verbose cache add name=undefined spec="grunt-contrib-sas" args=["grunt-contrib-sas",null]
10 verbose parsed url { protocol: null,
10 verbose parsed url   slashes: null,
10 verbose parsed url   auth: null,
10 verbose parsed url   host: null,
10 verbose parsed url   port: null,
10 verbose parsed url   hostname: null,
10 verbose parsed url   hash: null,
10 verbose parsed url   search: null,
10 verbose parsed url   query: null,
10 verbose parsed url   pathname: 'grunt-contrib-sas',
10 verbose parsed url   path: 'grunt-contrib-sas',
10 verbose parsed url   href: 'grunt-contrib-sas' }
11 silly lockFile 4f21b495-grunt-contrib-sas grunt-contrib-sas
12 verbose lock grunt-contrib-sas /home/ahmad/.npm/4f21b495-grunt-contrib-sas.lock
13 silly lockFile 4f21b495-grunt-contrib-sas grunt-contrib-sas
14 silly lockFile 4f21b495-grunt-contrib-sas grunt-contrib-sas
15 verbose addNamed [ 'grunt-contrib-sas', '' ]
16 verbose addNamed [ null, '*' ]
17 silly lockFile 1fc2aa43-grunt-contrib-sas grunt-contrib-sas@
18 verbose lock grunt-contrib-sas@ /home/ahmad/.npm/1fc2aa43-grunt-contrib-sas.lock
19 silly addNameRange { name: 'grunt-contrib-sas', range: '*', hasData: false }
20 verbose request where is /grunt-contrib-sas
21 verbose request registry https://registry.npmjs.org/
22 verbose request id 30f78738f155950f
23 verbose url raw /grunt-contrib-sas
24 verbose url resolving [ 'https://registry.npmjs.org/', './grunt-contrib-sas' ]
25 verbose url resolved https://registry.npmjs.org/grunt-contrib-sas
26 verbose request where is https://registry.npmjs.org/grunt-contrib-sas
27 info trying registry request attempt 1 at 12:38:22
28 http GET https://registry.npmjs.org/grunt-contrib-sas
29 http 404 https://registry.npmjs.org/grunt-contrib-sas
30 verbose headers { date: 'Fri, 12 Dec 2014 09:08:24 GMT',
30 verbose headers   server: 'CouchDB/1.5.0 (Erlang OTP/R16B03)',
30 verbose headers   'content-type': 'application/json',
30 verbose headers   'cache-control': 'max-age=0',
30 verbose headers   'content-length': '52',
30 verbose headers   'accept-ranges': 'bytes',
30 verbose headers   via: '1.1 varnish',
30 verbose headers   age: '0',
30 verbose headers   'x-served-by': 'cache-fra1234-FRA',
30 verbose headers   'x-cache': 'MISS',
30 verbose headers   'x-cache-hits': '0',
30 verbose headers   'x-timer': 'S1418375304.006137,VS0,VE102',
30 verbose headers   'keep-alive': 'timeout=10, max=50',
30 verbose headers   connection: 'Keep-Alive' }
31 silly registry.get cb [ 404,
31 silly registry.get   { date: 'Fri, 12 Dec 2014 09:08:24 GMT',
31 silly registry.get     server: 'CouchDB/1.5.0 (Erlang OTP/R16B03)',
31 silly registry.get     'content-type': 'application/json',
31 silly registry.get     'cache-control': 'max-age=0',
31 silly registry.get     'content-length': '52',
31 silly registry.get     'accept-ranges': 'bytes',
31 silly registry.get     via: '1.1 varnish',
31 silly registry.get     age: '0',
31 silly registry.get     'x-served-by': 'cache-fra1234-FRA',
31 silly registry.get     'x-cache': 'MISS',
31 silly registry.get     'x-cache-hits': '0',
31 silly registry.get     'x-timer': 'S1418375304.006137,VS0,VE102',
31 silly registry.get     'keep-alive': 'timeout=10, max=50',
31 silly registry.get     connection: 'Keep-Alive' } ]
32 silly lockFile 1fc2aa43-grunt-contrib-sas grunt-contrib-sas@
33 silly lockFile 1fc2aa43-grunt-contrib-sas grunt-contrib-sas@
34 error 404 404 Not Found: grunt-contrib-sas
34 error 404
34 error 404 'grunt-contrib-sas' is not in the npm registry.
34 error 404 You should bug the author to publish it
34 error 404 It was specified as a dependency of 'Banoo'
34 error 404
34 error 404 Note that you can also install from a
34 error 404 tarball, folder, or http url, or git url.
35 error System Linux 3.16.0-25-generic
36 error command "/usr/bin/node" "/usr/bin/npm" "install" "grunt-contrib-sas"
37 error cwd /home/ahmad/projects/haram/public_html/portal/static
38 error node -v v0.10.33
39 error npm -v 1.4.28
40 error code E404
41 verbose exit [ 1, true ]
